[06:27:38] [main/INFO]: Setting user: Player275
[06:27:39] [Client thread/INFO]: LWJGL Version: 2.9.1
[06:27:39] [Client thread/ERROR]: Couldn't initialize twitch stream
[06:27:42] [Client thread/INFO]: Reloading ResourceManager: Default, FMLFileResourcePack:Forge Mod Loader, FMLFileResourcePack:Minecraft Forge, FMLFileResourcePack:Example Mod, FMLFileResourcePack:zaviermod
[06:27:43] [Sound Library Loader/INFO]: Sound engine started
[06:27:43] [Client thread/INFO]: Created: 512x256 textures/blocks-atlas
[06:27:43] [Client thread/INFO]: Created: 512x256 textures/items-atlas
[06:27:43] [Client thread/INFO]: Reloading ResourceManager: Default, FMLFileResourcePack:Forge Mod Loader, FMLFileResourcePack:Minecraft Forge, FMLFileResourcePack:Example Mod, FMLFileResourcePack:zaviermod
[06:27:43] [Client thread/INFO]: Created: 512x256 textures/blocks-atlas
[06:27:43] [Client thread/INFO]: Created: 512x256 textures/items-atlas
[06:27:44] [Sound Library Loader/INFO]: Sound engine started
[06:27:55] [Server thread/INFO]: Starting integrated minecraft server version 1.7.10
[06:27:55] [Server thread/INFO]: Generating keypair
[06:27:55] [Server thread/INFO]: Preparing start region for level 0
[06:27:56] [Server thread/INFO]: Changing view distance to 12, from 10
[06:27:56] [Server thread/INFO]: Player275[local:E:41c76fdb] logged in with entity id 230 at (147.30000001192093, 66.0, 293.8339632479183)
[06:27:56] [Server thread/INFO]: Player275 joined the game
[06:28:09] [Client thread/INFO]: [CHAT] Saved screenshot as 2015-01-03_06.28.09.png
[06:28:09] [Client thread/INFO]: [CHAT] Saved screenshot as 2015-01-03_06.28.09_2.png
[06:28:10] [Client thread/INFO]: [CHAT] Saved screenshot as 2015-01-03_06.28.09_3.png
[06:28:10] [Client thread/INFO]: [CHAT] Saved screenshot as 2015-01-03_06.28.10.png
[06:28:10] [Client thread/INFO]: [CHAT] Saved screenshot as 2015-01-03_06.28.10_2.png
[06:28:17] [Server thread/INFO]: Saving and pausing game...
[06:28:17] [Server thread/INFO]: Saving chunks for level 'Noijello'/Overworld
[06:28:17] [Server thread/INFO]: Saving chunks for level 'Noijello'/Nether
[06:28:17] [Server thread/INFO]: Saving chunks for level 'Noijello'/The End
[06:28:21] [Server thread/INFO]: Stopping server
[06:28:21] [Server thread/INFO]: Saving players
[06:28:21] [Server thread/INFO]: Saving worlds
[06:28:21] [Server thread/INFO]: Saving chunks for level 'Noijello'/Overworld
[06:28:21] [Server thread/INFO]: Saving chunks for level 'Noijello'/Nether
[06:28:21] [Server thread/INFO]: Saving chunks for level 'Noijello'/The End
[06:28:22] [Client thread/INFO]: Stopping!
